Today's date: 2023-11-20
C7H5NO2S
C11H5N3
C6H5FO2SÂ 
C6H5ClO2S
C7H5N3O6
C7H5NO2S 300
C11H5N3 39
C6H5FO2S 40
C6H5ClO2S 98
C7H5N3O6 72
C7H5F3O2S 102
C8H5F5O2S 36
C8H6F3NO2S 132
C7H6F2O2S 92
C10H5N3 65
C10H6N2 214
C6H5F3S 22
C6H5F2OP 6
C6H5F4P 1
C6H5F3Ge 1
C8H5N2P 4
C6H5F5S 2
C6H5NO2 416
C6H5Cl2PO 7
C6H5Cl2PS 3
C8H5F3O 115
C7H5F3N2 91
C6H5NO 206
C8H5F6NO4S2 21
C7H5ClO 67
C6H5FOS 45
C7H5ClN4 187
C7H5FO 53
C6H5CN 84
C8H7NO2 1268
C6H7NO2S 823
C6H5Cl3Ge 1
C8H5F6P 8
C7H5F3OS 87
C7H5NS 87
C9H6N2 324
C7H8O2S 495
C8H8N2O4 1474
C7H5NSe 9
C12H9NO2S 639
C12H9NO3S 516
C7H6F2OS 68
C12H7N3O6 50
C6H5F3Si 7
C8H10O2S 971
C6H5ClS 26
C12H11NO2S 2314
C10H5F9S 2
C6H5Br3Ge 1
C9H5F3 37
C6H5PCl2 12
C8H5F3OS 44
C10H5F9 23
C9H5F7 52
C8H5F6N 133
C6H6O2S 269
C6H5F2P 7
C8H5F5 74
C8H11NO2S 2311
C9H5F7S 9
C15H11NO3 2163
C6H5Cl3Si 17
C12H10O2S 670
C7H5N 84
C7H5NO 198
C7H5F3O3S 99
C9H5F5 40
C7H8O2S2 184
C8H5F5S 35
C9H7N 224
C10H15N2O3P 37
C7H5F3 47
C7H6O 202
C6H5Br3Si 1
C7H5F3S 39
C6H5NO3 405
C7H5ClF2 38
C7H5F3Se 1
C8H7F3O2S 190
C9H5F6N 15
C14H9F5 68
C8H8OS 440
C9H8F3NO 733
C8H5F3O2 185
C6H5BF2 6
C8H5F5O 163
C7H5Cl3 25
C7H5Br3 22
C8H8F3NO2S 286
C8H7F3OS 168
C6H7O3P 40
C7H5Cl3O 94
C6H6N2O2 1124
C7H6O2 395
C8H11NO4S2 346
C8H6F4S 60
C7H6F2 43
C7H6F3NO2S 201
C8H9N3S 1178
C7H5NO4 298
C8H6F4O 212
C7H6Cl2 70
C13H10O2 882
C8H6ClF3O 225
C7H6Br2 47
C12H5F5 23
C8H8O 588
C7H8Cl2Si 22
C7H8OS 400
C8H7NS 347
C13H11NO 2065
C9H6F6O 150
C10H15PS 30
C7H7NS 338
C7H6F2S 53
C10H15AsS 1
C13H11N 784
C10H11NO2 7228
C9H10O 1222
C10H12O 2672
C7H8F2Si 12
C8H11O3P 125
C10H10O 1241
C14H23O3P 211
C12H19O3P 256
C12H10OS 422
C15H12O 822
C13H10O 497
C7H5F3O 89
C10H8N2 823
C8H6F3NO 371
C8H8O2 1139
C7H7NO 686
C18H15PS 11
C12H9NO2 1364
C9H8O 395
C8H7F3S 73
C20H16O2 1383
C10H15O3P 252
C8H11OP 149
C6H7BO2 30
C11H14O 4567
C6H5Br 37
C18H15AsO 3
C7H6F2O 126
C9H10O2 2518
C8H8S 174
C7H6Cl2O 151
C12H5Cl5 57
C10H15AsO 11
C19H17PS 21
C10H15OP 189
C14H23OP 86
C6H5Cl 39
C8H9NS 760
C18H15OP 57
C8H9NO 1982
C8H7N 261
C20H19PS 20
C12H19OP 135
C7H8O3S 470
C7H9NO2S 1463
C7H7FS 42
C8H11NS 1222
C19H17OP 94
C12H10N2 1437
C8H11ClNP 9
C11H9N 492
C8H7ClSe 6
C7H5Cl2N 63
C12H10S 150
C7H6N2 402
C8H7F3 113
C8H6 157
C6H5N3 347
C20H19OP 118
C6H5F 27
C9H10Se 23
C11H12O2 5360
C8H11ClSi 26
C9H10S 380
C12H10O3S 648
C14H12N2O 4181
C9H12S 430
C8H6S 51
C10H9N 574
C6H7P 39
C14H10 196
C8H10N4O 2875
C8H7ClS 64
C12H9Br 65
C8H8Se 18
C12H9Cl 60
C6H8Si 43
C12H9F 40
C8H11FSi 10
C7H7Br 83
C7H7Cl 94
C6H8Ge 9
C9H11NO 4079
C9H14OSi 152
C9H14O3Si 73
C7H7ClO 214
C8H8ClNO 1013
C12H19P 169
C7H7F 55
C18H15P 49
C13H12O 1266
C8H9N 700
C10H8S 92
C6H6S 96
C14H23P 137
C7H7FO 120
C10H15P 171
C9H8 217
C7H8N2S 815
C8H8 447
C8H10O 1700
C12H9FO 113
C12H20O3Si 258
C8H11P 80
C12H23N3Si 24
C14H12 586
C24H20Si 21
C10H15As 3
C8H12Si 59
C10H14O3 6519
C9H12O 3046
C19H18Si 61
C10H8O 335
C12H10 395
C12H10O 631
C6H6 184
C9H10 620
C13H26O2Si3 10
C14H16Si 67
C9H14Si 91
C14H14 979
C15H16 1222
C13H12 500
C16H18 1690
C9H14Ge 7
C19H16 728
C7H8S 147
C25H20 451
C12H20Ge 14
C10H13NO 7217
C9H12N2S 1869
C10H17N2P 60
C6H6O 248
C11H17O3P 241
C8H10S 301
C11H12 845
C18H15N 1043
Traceback (most recent call last):
  File "/Users/barradd/opt/anaconda3/envs/qmpy/lib/python3.9/site-packages/pubchempy.py", line 271, in request
    response = urlopen(apiurl, postdata)
  File "/Users/barradd/opt/anaconda3/envs/qmpy/lib/python3.9/urllib/request.py", line 214, in urlopen
    return opener.open(url, data, timeout)
  File "/Users/barradd/opt/anaconda3/envs/qmpy/lib/python3.9/urllib/request.py", line 523, in open
    response = meth(req, response)
  File "/Users/barradd/opt/anaconda3/envs/qmpy/lib/python3.9/urllib/request.py", line 632, in http_response
    response = self.parent.error(
  File "/Users/barradd/opt/anaconda3/envs/qmpy/lib/python3.9/urllib/request.py", line 561, in error
    return self._call_chain(*args)
  File "/Users/barradd/opt/anaconda3/envs/qmpy/lib/python3.9/urllib/request.py", line 494, in _call_chain
    result = func(*args)
  File "/Users/barradd/opt/anaconda3/envs/qmpy/lib/python3.9/urllib/request.py", line 641, in http_error_default
    raise HTTPError(req.full_url, code, msg, hdrs, fp)
urllib.error.HTTPError: HTTP Error 503: PUGREST.ServerBusy

During handling of the above exception, another exception occurred:

Traceback (most recent call last):
  File "/Users/barradd/Documents/GitHub/machine_learning_chem_RGS/src/database_build.py", line 158, in <module>
    c = pcp.Compound.from_cid(m)
  File "/Users/barradd/opt/anaconda3/envs/qmpy/lib/python3.9/site-packages/pubchempy.py", line 726, in from_cid
    record = json.loads(request(cid, **kwargs).read().decode())['PC_Compounds'][0]
  File "/Users/barradd/opt/anaconda3/envs/qmpy/lib/python3.9/site-packages/pubchempy.py", line 274, in request
    raise PubChemHTTPError(e)
pubchempy.PubChemHTTPError: 'PUGREST.ServerBusy'
